<?xml version="1.0" encoding="UTF-8"?>
<testng-results ignored="0" total="4" passed="4" failed="0" skipped="0">
  <reporter-output>
  </reporter-output>
  <suite started-at="2022-04-06T14:44:28 YEKT" name="Command line suite" finished-at="2022-04-06T14:44:28 YEKT" duration-ms="100">
    <groups>
      <group name="123">
        <method signature="CalTest.testDel()[pri:0, instance:com.CalTest@5fcd892a]" name="testDel" class="com.CalTest"/>
        <method signature="CalTest.testMult()[pri:0, instance:com.CalTest@5fcd892a]" name="testMult" class="com.CalTest"/>
        <method signature="CalTest.testSub()[pri:0, instance:com.CalTest@5fcd892a]" name="testSub" class="com.CalTest"/>
        <method signature="CalTest.testSum()[pri:0, instance:com.CalTest@5fcd892a]" name="testSum" class="com.CalTest"/>
      </group> <!-- 123 -->
    </groups>
    <test started-at="2022-04-06T14:44:28 YEKT" name="Command line test" finished-at="2022-04-06T14:44:28 YEKT" duration-ms="100">
      <class name="com.CalTest">
        <test-method signature="testDel()[pri:0, instance:com.CalTest@5fcd892a]" started-at="2022-04-06T14:44:28 YEKT" name="testDel" finished-at="2022-04-06T14:44:28 YEKT" duration-ms="10" status="PASS">
          <reporter-output>
          </reporter-output>
        </test-method> <!-- testDel -->
        <test-method signature="testMult()[pri:0, instance:com.CalTest@5fcd892a]" started-at="2022-04-06T14:44:28 YEKT" name="testMult" finished-at="2022-04-06T14:44:28 YEKT" duration-ms="1" status="PASS">
          <reporter-output>
          </reporter-output>
        </test-method> <!-- testMult -->
        <test-method signature="testSub()[pri:0, instance:com.CalTest@5fcd892a]" started-at="2022-04-06T14:44:28 YEKT" name="testSub" finished-at="2022-04-06T14:44:28 YEKT" duration-ms="1" status="PASS">
          <reporter-output>
          </reporter-output>
        </test-method> <!-- testSub -->
        <test-method signature="testSum()[pri:0, instance:com.CalTest@5fcd892a]" started-at="2022-04-06T14:44:28 YEKT" name="testSum" finished-at="2022-04-06T14:44:28 YEKT" duration-ms="1" status="PASS">
          <reporter-output>
          </reporter-output>
        </test-method> <!-- testSum -->
      </class> <!-- com.CalTest -->
    </test> <!-- Command line test -->
  </suite> <!-- Command line suite -->
</testng-results>
