<?xml version="1.0" encoding="UTF-8"?>
<!-- Generated by org.testng.reporters.JUnitXMLReporter -->
<testsuite ignored="0" hostname="LAPTOP-HA256DAP" failures="0" tests="4" name="Command line test" time="0.1" errors="0" timestamp="2022-04-06T14:44:28 YEKT">
  <testcase classname="com.CalTest" name="testDel" time="0.01"/>
  <testcase classname="com.CalTest" name="testMult" time="0.001"/>
  <testcase classname="com.CalTest" name="testSub" time="0.001"/>
  <testcase classname="com.CalTest" name="testSum" time="0.001"/>
</testsuite> <!-- Command line test -->
